<?xml version="1.0" encoding="UTF-8"?>
<!-- Generated by org.testng.reporters.JUnitXMLReporter -->
<testsuite hostname="DESKTOP-6QUM1LC" ignored="0" name="Regression" tests="3" failures="0" timestamp="2020-06-05T12:20:16 EDT" time="29.652" errors="0">
  <testcase name="verifyTransferfunds" time="14.774" classname="regression.TC003tranferfund"/>
  <testcase name="login" time="6.804" classname="regression.TC001login"/>
  <testcase name="addPayee" time="7.992" classname="regression.TC002addpayee"/>
</testsuite> <!-- Regression -->
