<?xml version="1.0" encoding="UTF-8"?>
<testng-results skipped="0" failed="0" ignored="0" total="1" passed="1">
  <reporter-output>
  </reporter-output>
  <suite name="Default suite" duration-ms="7434" started-at="2020-06-20T13:28:51 EDT" finished-at="2020-06-20T13:28:59 EDT">
    <groups>
    </groups>
    <test name="Default test" duration-ms="7434" started-at="2020-06-20T13:28:51 EDT" finished-at="2020-06-20T13:28:59 EDT">
      <class name="regression.TC001login">
        <test-method status="PASS" signature="login()[pri:0, instance:regression.TC001login@3b084709]" name="login" duration-ms="7361" started-at="2020-06-20T13:28:51 EDT" finished-at="2020-06-20T13:28:59 EDT">
          <reporter-output>
          </reporter-output>
        </test-method> <!-- login -->
      </class> <!-- regression.TC001login -->
    </test> <!-- Default test -->
  </suite> <!-- Default suite -->
</testng-results>
